mktextfm phvb7t
mktextfm phvbo7t
mktextfm phvbo7t
mktextfm phvro7t
mktextfm phvb7t
mktextfm phvb7t
mktextfm phvb7t
mktextfm phvb7t
mktextfm phvbo7t
mktextfm phvbo7t
mktextfm phvro7t
mktextfm phvb7t
mktextfm phvb7t
mktextfm phvb7t
mktextfm phvbo7t
mktextfm phvbo7t
mktextfm phvro7t
mktextfm phvb7t
mktextfm phvb7t
mktextfm cmr10+20
mktextfm cmr10-20
mktextfm cmr12+20
mktextfm cmr12-20
mktextfm cmcsc10+20
mktextfm cmcsc10-20
mktextfm cmss10+20
mktextfm cmss10-20
mktextfm cmr9+20
mktextfm cmr9-20
mktextfm cmss12+20
mktextfm cmss12-20
mktextfm cmr10+20
mktextfm cmr10-20
mktextfm cmti10+20
mktextfm cmti10-20
